[    0.000000] Linux version 4.15.0-33-generic (buildd@lcy01-amd64-024) (gcc version 7.3.0 (Ubuntu 7.3.0-16ubuntu3)) #36-Ubuntu SMP Wed Aug 15 16:00:05 UTC 2018 (Ubuntu 4.15.0-33.36-generic 4.15.18)
[    0.000000] Command line: BOOT_IMAGE=/boot/vmlinuz-4.15.0-33-generic root=LABEL=cloudimg-rootfs ro console=tty1 console=ttyS0
[    0.000000] KERNEL supported cpus:
[    0.000000]   Intel GenuineIntel
[    0.000000]   AMD AuthenticAMD
[    0.000000]   Centaur CentaurHauls
[    0.000000] x86/fpu: Supporting XSAVE feature 0x001: 'x87 floating point registers'
[    0.000000] x86/fpu: Supporting XSAVE feature 0x002: 'SSE registers'
[    0.000000] x86/fpu: Enabled xstate features 0x3, context size is 576 bytes, using 'standard' format.
[    0.000000] e820: BIOS-provided physical RAM map:
[    0.000000] BIOS-e820: [mem 0x0000000000000000-0x000000000009fbff] usable
[    0.000000] BIOS-e820: [mem 0x000000000009fc00-0x000000000009ffff] reserved
[    0.000000] BIOS-e820: [mem 0x00000000000f0000-0x00000000000fffff] reserved
[    0.000000] BIOS-e820: [mem 0x0000000000100000-0x000000003ffeffff] usable
[    0.000000] BIOS-e820: [mem 0x000000003fff0000-0x000000003fffffff] ACPI data
[    0.000000] BIOS-e820: [mem 0x00000000fec00000-0x00000000fec00fff] reserved
[    0.000000] BIOS-e820: [mem 0x00000000fee00000-0x00000000fee00fff] reserved
[    0.000000] BIOS-e820: [mem 0x00000000fffc0000-0x00000000ffffffff] reserved
[    0.000000] NX (Execute Disable) protection: active
[    0.000000] SMBIOS 2.5 present.
[    0.000000] DMI: innotek GmbH VirtualBox/VirtualBox, BIOS VirtualBox 12/01/2006
[    0.000000] Hypervisor detected: KVM
[    0.000000] e820: last_pfn = 0x3fff0 max_arch_pfn = 0x400000000
[    0.000000] MTRR: Disabled
[    0.000000] x86/PAT: MTRRs disabled, skipping PAT initialization too.
[    0.000000] CPU MTRRs all blank - virtualized system.
[    0.000000] x86/PAT: Configuration [0-7]: WB  WT  UC- UC  WB  WT  UC- UC  
[    0.000000] found SMP MP-table at [mem 0x0009fff0-0x0009ffff] mapped at [        (ptrval)]
[    0.000000] Scanning 1 areas for low memory corruption
[    0.000000] RAMDISK: [mem 0x35ae5000-0x36d69fff]
[    0.000000] ACPI: Early table checksum verification disabled
[    0.000000] ACPI: RSDP 0x00000000000E0000 000024 (v02 VBOX  )
[    0.000000] ACPI: XSDT 0x000000003FFF0030 00003C (v01 VBOX   VBOXXSDT 00000001 ASL  00000061)
[    0.000000] ACPI: FACP 0x000000003FFF00F0 0000F4 (v04 VBOX   VBOXFACP 00000001 ASL  00000061)
[    0.000000] ACPI: DSDT 0x000000003FFF0470 0021FF (v02 VBOX   VBOXBIOS 00000002 INTL 20160108)
[    0.000000] ACPI: FACS 0x000000003FFF0200 000040
[    0.000000] ACPI: FACS 0x000000003FFF0200 000040
[    0.000000] ACPI: APIC 0x000000003FFF0240 00005C (v02 VBOX   VBOXAPIC 00000001 ASL  00000061)
[    0.000000] ACPI: SSDT 0x000000003FFF02A0 0001CC (v01 VBOX   VBOXCPUT 00000002 INTL 20160108)
[    0.000000] No NUMA configuration found
[    0.000000] Faking a node at [mem 0x0000000000000000-0x000000003ffeffff]
[    0.000000] NODE_DATA(0) allocated [mem 0x3ffc5000-0x3ffeffff]
[    0.000000] kvm-clock: cpu 0, msr 0:3ff44001, primary cpu clock
[    0.000000] kvm-clock: Using msrs 4b564d01 and 4b564d00
[    0.000000] kvm-clock: using sched offset of 4068527513 cycles
[    0.000000] clocksource: kvm-clock: mask: 0xffffffffffffffff max_cycles: 0x1cd42e4dffb, max_idle_ns: 881590591483 ns
[    0.000000] Zone ranges:
[    0.000000]   DMA      [mem 0x0000000000001000-0x0000000000ffffff]
[    0.000000]   DMA32    [mem 0x0000000001000000-0x000000003ffeffff]
[    0.000000]   Normal   empty
[    0.000000]   Device   empty
[    0.000000] Movable zone start for each node
[    0.000000] Early memory node ranges
[    0.000000]   node   0: [mem 0x0000000000001000-0x000000000009efff]
[    0.000000]   node   0: [mem 0x0000000000100000-0x000000003ffeffff]
[    0.000000] Initmem setup node 0 [mem 0x0000000000001000-0x000000003ffeffff]
[    0.000000] Reserved but unavailable: 98 pages
[    0.000000] ACPI: PM-Timer IO Port: 0x4008
[    0.000000] IOAPIC[0]: apic_id 2, version 32, address 0xfec00000, GSI 0-23
[    0.000000] ACPI: INT_SRC_OVR (bus 0 bus_irq 0 global_irq 2 dfl dfl)
[    0.000000] ACPI: INT_SRC_OVR (bus 0 bus_irq 9 global_irq 9 high level)
[    0.000000] Using ACPI (MADT) for SMP configuration information
[    0.000000] smpboot: Allowing 2 CPUs, 0 hotplug CPUs
[    0.000000] PM: Registered nosave memory: [mem 0x00000000-0x00000fff]
[    0.000000] PM: Registered nosave memory: [mem 0x0009f000-0x0009ffff]
[    0.000000] PM: Registered nosave memory: [mem 0x000a0000-0x000effff]
[    0.000000] PM: Registered nosave memory: [mem 0x000f0000-0x000fffff]
[    0.000000] e820: [mem 0x40000000-0xfebfffff] available for PCI devices
[    0.000000] Booting paravirtualized kernel on KVM
[    0.000000] clocksource: refined-jiffies: mask: 0xffffffff max_cycles: 0xffffffff, max_idle_ns: 7645519600211568 ns
[    0.000000] random: get_random_bytes called from start_kernel+0x99/0x4fd with crng_init=0
[    0.000000] setup_percpu: NR_CPUS:8192 nr_cpumask_bits:2 nr_cpu_ids:2 nr_node_ids:1
[    0.000000] percpu: Embedded 46 pages/cpu @        (ptrval) s151552 r8192 d28672 u1048576
[    0.000000] PV qspinlock hash table entries: 256 (order: 0, 4096 bytes)
[    0.000000] Built 1 zonelists, mobility grouping on.  Total pages: 257913
[    0.000000] Policy zone: DMA32
[    0.000000] Kernel command line: BOOT_IMAGE=/boot/vmlinuz-4.15.0-33-generic root=LABEL=cloudimg-rootfs ro console=tty1 console=ttyS0
[    0.000000] Memory: 983620K/1048120K available (12300K kernel code, 2470K rwdata, 4244K rodata, 2408K init, 2416K bss, 64500K reserved, 0K cma-reserved)
[    0.000000] SLUB: HWalign=64, Order=0-3, MinObjects=0, CPUs=2, Nodes=1
[    0.000000] Kernel/User page tables isolation: enabled
[    0.000000] ftrace: allocating 39121 entries in 153 pages
[    0.004000] Hierarchical RCU implementation.
[    0.004000] 	RCU restricting CPUs from NR_CPUS=8192 to nr_cpu_ids=2.
[    0.004000] 	Tasks RCU enabled.
[    0.004000] RCU: Adjusting geometry for rcu_fanout_leaf=16, nr_cpu_ids=2
[    0.004000] NR_IRQS: 524544, nr_irqs: 440, preallocated irqs: 16
[    0.004000] Console: colour VGA+ 80x25
[    0.004000] console [tty1] enabled
[    0.004000] console [ttyS0] enabled
[    0.004000] ACPI: Core revision 20170831
[    0.004000] ACPI: 2 ACPI AML tables successfully acquired and loaded
[    0.004000] APIC: Switch to symmetric I/O mode setup
[    0.004481] x2apic enabled
[    0.008011] Switched APIC routing to physical x2apic.
[    0.013404] ..TIMER: vector=0x30 apic1=0 pin1=2 apic2=-1 pin2=-1
[    0.016010] tsc: Detected 1795.920 MHz processor
[    0.018074] Calibrating delay loop (skipped) preset value.. 3591.84 BogoMIPS (lpj=7183680)
[    0.020012] pid_max: default: 32768 minimum: 301
[    0.024074] Security Framework initialized
[    0.025816] Yama: becoming mindful.
[    0.028174] AppArmor: AppArmor initialized
[    0.031061] Dentry cache hash table entries: 131072 (order: 8, 1048576 bytes)
[    0.032135] Inode-cache hash table entries: 65536 (order: 7, 524288 bytes)
[    0.036038] Mount-cache hash table entries: 2048 (order: 2, 16384 bytes)
[    0.040023] Mountpoint-cache hash table entries: 2048 (order: 2, 16384 bytes)
[    0.044530] mce: CPU supports 0 MCE banks
[    0.048037] Last level iTLB entries: 4KB 512, 2MB 8, 4MB 8
[    0.052009] Last level dTLB entries: 4KB 512, 2MB 32, 4MB 32, 1GB 0
[    0.054596] Spectre V2 : Mitigation: Full generic retpoline
[    0.056009] Speculative Store Bypass: Vulnerable
[    0.058129] Freeing SMP alternatives memory: 36K
[    0.064000] smpboot: CPU0: Intel(R) Pentium(R) CPU 2117U @ 1.80GHz (family: 0x6, model: 0x3a, stepping: 0x9)
[    0.064170] Performance Events: unsupported p6 CPU model 58 no PMU driver, software events only.
[    0.068115] Hierarchical SRCU implementation.
[    0.072977] NMI watchdog: Perf event create on CPU 0 failed with -2
[    0.076012] NMI watchdog: Perf NMI watchdog permanently disabled
[    0.080139] smp: Bringing up secondary CPUs ...
[    0.084204] x86: Booting SMP configuration:
[    0.086039] .... node  #0, CPUs:      #1
[    0.004000] kvm-clock: cpu 1, msr 0:3ff44041, secondary cpu clock
[    0.004000] mce: CPU supports 0 MCE banks
[    0.104023] smp: Brought up 1 node, 2 CPUs
[    0.105844] smpboot: Max logical packages: 1
[    0.108020] smpboot: Total of 2 processors activated (7183.68 BogoMIPS)
[    0.116007] devtmpfs: initialized
[    0.117570] x86/mm: Memory block size: 128MB
[    0.124083] evm: security.selinux
[    0.125581] evm: security.SMACK64
[    0.128013] evm: security.SMACK64EXEC
[    0.132011] evm: security.SMACK64TRANSMUTE
[    0.133789] evm: security.SMACK64MMAP
[    0.136008] evm: security.apparmor
[    0.139017] evm: security.ima
[    0.140012] evm: security.capability
[    0.145511] clocksource: jiffies: mask: 0xffffffff max_cycles: 0xffffffff, max_idle_ns: 7645041785100000 ns
[    0.145511] futex hash table entries: 512 (order: 3, 32768 bytes)
[    0.148132] pinctrl core: initialized pinctrl subsystem
[    0.152213] RTC time: 16:07:48, date: 09/07/18
[    0.156392] NET: Registered protocol family 16
[    0.158429] audit: initializing netlink subsys (disabled)
[    0.160443] audit: type=2000 audit(1536336473.988:1): state=initialized audit_enabled=0 res=1
[    0.164050] cpuidle: using governor ladder
[    0.172037] cpuidle: using governor menu
[    0.180182] ACPI: bus type PCI registered
[    0.180182] acpiphp: ACPI Hot Plug PCI Controller Driver version: 0.5
[    0.188250] PCI: Using configuration type 1 for base access
[    0.212448] HugeTLB registered 2.00 MiB page size, pre-allocated 0 pages
[    0.217113] ACPI: Added _OSI(Module Device)
[    0.220007] ACPI: Added _OSI(Processor Device)
[    0.220026] ACPI: Added _OSI(3.0 _SCP Extensions)
[    0.224027] ACPI: Added _OSI(Processor Aggregator Device)
[    0.228023] ACPI: Added _OSI(Linux-Dell-Video)
[    0.230220] ACPI: Executed 1 blocks of module-level executable AML code
[    0.254655] ACPI: Interpreter enabled
[    0.336047] ACPI: (supports S0 S5)
[    0.380014] ACPI: Using IOAPIC for interrupt routing
[    0.444521] PCI: Using host bridge windows from ACPI; if necessary, use "pci=nocrs" and report a bug
[    0.552384] ACPI: Enabled 2 GPEs in block 00 to 07
[    0.664506] ACPI: PCI Root Bridge [PCI0] (domain 0000 [bus 00-ff])
[    0.744075] acpi PNP0A03:00: _OSC: OS supports [ASPM ClockPM Segments MSI]
[    0.876092] acpi PNP0A03:00: _OSC: not requesting OS control; OS requires [ExtendedConfig ASPM ClockPM MSI]
[    1.128047] acpi PNP0A03:00: fail to add MMCONFIG information, can't access extended PCI configuration space under this bridge.
[    1.460873] PCI host bridge to bus 0000:00
[    1.600023] pci_bus 0000:00: root bus resource [io  0x0000-0x0cf7 window]
[    1.868033] pci_bus 0000:00: root bus resource [io  0x0d00-0xffff window]
[    2.084022] pci_bus 0000:00: root bus resource [mem 0x000a0000-0x000bffff window]
[    2.304020] pci_bus 0000:00: root bus resource [mem 0x40000000-0xffdfffff window]
[    2.548022] pci_bus 0000:00: root bus resource [bus 00-ff]
[    2.662727] pci 0000:00:01.1: legacy IDE quirk: reg 0x10: [io  0x01f0-0x01f7]
[    2.784054] pci 0000:00:01.1: legacy IDE quirk: reg 0x14: [io  0x03f6]
[    3.044026] pci 0000:00:01.1: legacy IDE quirk: reg 0x18: [io  0x0170-0x0177]
[    3.296020] pci 0000:00:01.1: legacy IDE quirk: reg 0x1c: [io  0x0376]
[    3.583867] pci 0000:00:07.0: quirk: [io  0x4000-0x403f] claimed by PIIX4 ACPI
[    3.584039] pci 0000:00:07.0: quirk: [io  0x4100-0x410f] claimed by PIIX4 SMB
[    3.616632] ACPI: PCI Interrupt Link [LNKA] (IRQs 5 9 10 *11)
[    3.620767] ACPI: PCI Interrupt Link [LNKB] (IRQs 5 9 10 *11)
[    3.628271] ACPI: PCI Interrupt Link [LNKC] (IRQs 5 9 *10 11)
[    3.632000] ACPI: PCI Interrupt Link [LNKD] (IRQs 5 *9 10 11)
[    3.632844] SCSI subsystem initialized
[    3.634609] pci 0000:00:02.0: vgaarb: setting as boot VGA device
[    3.634609] pci 0000:00:02.0: vgaarb: VGA device added: decodes=io+mem,owns=io+mem,locks=none
[    3.636018] pci 0000:00:02.0: vgaarb: bridge control possible
[    3.640011] vgaarb: loaded
[    3.644089] ACPI: bus type USB registered
[    3.646616] usbcore: registered new interface driver usbfs
[    3.648039] usbcore: registered new interface driver hub
[    3.650501] usbcore: registered new device driver usb
[    3.652166] EDAC MC: Ver: 3.0.0
[    3.656115] PCI: Using ACPI for IRQ routing
[    3.660494] NetLabel: Initializing
[    3.661974] NetLabel:  domain hash size = 128
[    3.663794] NetLabel:  protocols = UNLABELED CIPSOv4 CALIPSO
[    3.664054] NetLabel:  unlabeled traffic allowed by default
[    3.670198] clocksource: Switched to clocksource kvm-clock
[    3.695867] VFS: Disk quotas dquot_6.6.0
[    3.703028] VFS: Dquot-cache hash table entries: 512 (order 0, 4096 bytes)
[    3.797685] AppArmor: AppArmor Filesystem Enabled
[    3.799825] pnp: PnP ACPI init
[    3.803240] pnp: PnP ACPI: found 3 devices
[    3.821225] clocksource: acpi_pm: mask: 0xffffff max_cycles: 0xffffff, max_idle_ns: 2085701024 ns
[    3.825167] NET: Registered protocol family 2
[    3.829125] TCP established hash table entries: 8192 (order: 4, 65536 bytes)
[    3.839203] TCP bind hash table entries: 8192 (order: 5, 131072 bytes)
[    3.841957] TCP: Hash tables configured (established 8192 bind 8192)
[    3.844821] UDP hash table entries: 512 (order: 2, 16384 bytes)
[    3.847267] UDP-Lite hash table entries: 512 (order: 2, 16384 bytes)
[    3.850232] NET: Registered protocol family 1
[    3.852103] pci 0000:00:00.0: Limiting direct PCI/PCI transfers
[    3.854996] pci 0000:00:01.0: Activating ISA DMA hang workarounds
[    3.857888] pci 0000:00:02.0: Video device with shadowed ROM at [mem 0x000c0000-0x000dffff]
[    3.861722] Unpacking initramfs...
[    4.307131] Freeing initrd memory: 18964K
[    4.494591] platform rtc_cmos: registered platform RTC device (no PNP device found)
[    4.754783] Scanning for low memory corruption every 60 seconds
[    4.978246] Initialise system trusted keyrings
[    5.058995] Key type blacklist registered
[    5.109100] workingset: timestamp_bits=36 max_order=18 bucket_order=0
[    5.113492] zbud: loaded
[    5.335146] squashfs: version 4.0 (2009/01/31) Phillip Lougher
[    5.564505] tsc: Refined TSC clocksource calibration: 1797.342 MHz
[    5.854530] clocksource: tsc: mask: 0xffffffffffffffff max_cycles: 0x19e85ac2714, max_idle_ns: 440795248970 ns
[    5.854676] fuse init (API version 7.26)
[    5.856444] Key type asymmetric registered
[    5.856445] Asymmetric key parser 'x509' registered
[    5.856496] Block layer SCSI generic (bsg) driver version 0.4 loaded (major 246)
[    5.856562] io scheduler noop registered
[    5.856609] io scheduler deadline registered
[    5.856677] io scheduler cfq registered (default)
[    7.416946] ACPI: AC Adapter [AC] (on-line)
[    7.418880] input: Power Button as /devices/LNXSYSTM:00/LNXPWRBN:00/input/input0
[    7.425272] ACPI: Power Button [PWRF]
[    7.429552] input: Sleep Button as /devices/LNXSYSTM:00/LNXSLPBN:00/input/input1
[    7.435007] ACPI: Sleep Button [SLPF]
[    7.439922] Serial: 8250/16550 driver, 32 ports, IRQ sharing enabled
[    7.441306] ACPI: Battery Slot [BAT0] (battery present)
[    7.477183] 00:02: ttyS0 at I/O 0x3f8 (irq = 4, base_baud = 115200) is a 16550A
[    7.499699] Linux agpgart interface v0.103
[    7.505555] loop: module loaded
[    7.511912] scsi host0: ata_piix
[    7.516304] scsi host1: ata_piix
[    7.518210] ata1: PATA max UDMA/33 cmd 0x1f0 ctl 0x3f6 bmdma 0xd000 irq 14
[    7.522022] ata2: PATA max UDMA/33 cmd 0x170 ctl 0x376 bmdma 0xd008 irq 15
[    7.527754] libphy: Fixed MDIO Bus: probed
[    7.529903] tun: Universal TUN/TAP device driver, 1.6
[    7.534134] PPP generic driver version 2.4.2
[    7.536888] ehci_hcd: USB 2.0 'Enhanced' Host Controller (EHCI) Driver
[    7.545234] ehci-pci: EHCI PCI platform driver
[    7.549502] ehci-platform: EHCI generic platform driver
[    7.551999] ohci_hcd: USB 1.1 'Open' Host Controller (OHCI) Driver
[    7.555310] ohci-pci: OHCI PCI platform driver
[    7.562644] ohci-platform: OHCI generic platform driver
[    7.576144] uhci_hcd: USB Universal Host Controller Interface driver
[    7.579673] i8042: PNP: PS/2 Controller [PNP0303:PS2K,PNP0f03:PS2M] at 0x60,0x64 irq 1,12
[    7.596993] serio: i8042 KBD port at 0x60,0x64 irq 1
[    7.624411] serio: i8042 AUX port at 0x60,0x64 irq 12
[    7.626757] mousedev: PS/2 mouse device common for all mice
[    7.630045] input: AT Translated Set 2 keyboard as /devices/platform/i8042/serio0/input/input2
[    7.635372] rtc_cmos rtc_cmos: rtc core: registered rtc_cmos as rtc0
[    7.712188] rtc_cmos rtc_cmos: alarms up to one day, 114 bytes nvram
[    7.855822] i2c /dev entries driver
[    7.916773] device-mapper: uevent: version 1.0.3
[    8.034761] device-mapper: ioctl: 4.37.0-ioctl (2017-09-20) initialised: dm-devel@redhat.com
[    8.274410] ledtrig-cpu: registered to indicate activity on CPUs
[    8.278101] NET: Registered protocol family 10
[    8.287600] Segment Routing with IPv6
[    8.305813] NET: Registered protocol family 17
[    8.359969] Key type dns_resolver registered
[    8.416344] RAS: Correctable Errors collector initialized.
[    8.586491] sched_clock: Marking stable (8586370235, 0)->(9162228935, -575858700)
[    8.855763] registered taskstats version 1
[    8.996071] Loading compiled-in X.509 certificates
[    9.173235] Loaded X.509 cert 'Build time autogenerated kernel key: b2b2adbda3eef7b219e699c1b87c022096150517'
[    9.475914] zswap: loaded using pool lzo/zbud
[    9.668350] Key type big_key registered
[    9.774467] Key type trusted registered
[    9.839267] Key type encrypted registered
[    9.923718] AppArmor: AppArmor sha1 policy hashing enabled
[    9.997892] ima: No TPM chip found, activating TPM-bypass! (rc=-19)
[   10.000496] evm: HMAC attrs: 0x1
[   10.002628]   Magic number: 2:306:135
[   10.243057] rtc_cmos rtc_cmos: setting system clock to 2018-09-07 16:07:58 UTC (1536336478)
[   10.553157] BIOS EDD facility v0.16 2004-Jun-25, 0 devices found
[   10.744427] EDD information not available.
[   10.908560] Freeing unused kernel memory: 2408K
[   11.044143] Write protecting the kernel read-only data: 20480k
[   11.182880] Freeing unused kernel memory: 2008K
[   11.395157] Freeing unused kernel memory: 1900K
[   11.510424] x86/mm: Checked W+X mappings: passed, no W+X pages found.
[   11.551740] x86/mm: Checking user space page tables
[   11.566913] x86/mm: Checked W+X mappings: passed, no W+X pages found.
Loading, please wait...
starting version 237
[   11.802303] e1000: Intel(R) PRO/1000 Network Driver - version 7.3.21-k8-NAPI
[   11.816881] e1000: Copyright (c) 1999-2006 Intel Corporation.
[   11.847097] Fusion MPT base driver 3.04.20
[   11.856340] Copyright (c) 1999-2008 LSI Corporation
[   11.882093] Fusion MPT SPI Host driver 3.04.20
[   12.051983] input: ImExPS/2 Generic Explorer Mouse as /devices/platform/i8042/serio1/input/input4
[   12.279110] e1000 0000:00:03.0 eth0: (PCI:33MHz:32-bit) 02:31:bc:f6:46:dd
[   12.333391] e1000 0000:00:03.0 eth0: Intel(R) PRO/1000 Network Connection
[   13.163999] e1000 0000:00:08.0 eth1: (PCI:33MHz:32-bit) 08:00:27:1f:88:3e
[   13.468278] e1000 0000:00:08.0 eth1: Intel(R) PRO/1000 Network Connection
[   13.836646] mptbase: ioc0: Initiating bringup
[   13.860865] e1000 0000:00:08.0 enp0s8: renamed from eth1
[   14.054527] e1000 0000:00:03.0 enp0s3: renamed from eth0
[   14.120988] ioc0: LSI53C1030 A0: Capabilities={Initiator}
[   14.527202] scsi host2: ioc0: LSI53C1030 A0, FwRev=00000000h, Ports=1, MaxQ=256, IRQ=20
[   14.885711] scsi 2:0:0:0: Direct-Access     VBOX     HARDDISK         1.0  PQ: 0 ANSI: 5
[   14.932334] scsi target2:0:0: Beginning Domain Validation
[   15.008125] scsi target2:0:0: Domain Validation skipping write tests
[   15.236730] scsi target2:0:0: Ending Domain Validation
[   15.238205] scsi target2:0:0: asynchronous
[   15.244204] scsi 2:0:1:0: Direct-Access     VBOX     HARDDISK         1.0  PQ: 0 ANSI: 5
[   15.504254] scsi target2:0:1: Beginning Domain Validation
[   15.585465] random: fast init done
[   15.667252] scsi target2:0:1: Domain Validation skipping write tests
[   15.764378] scsi target2:0:1: Ending Domain Validation
[   15.863269] scsi target2:0:1: asynchronous
[   16.074796] random: systemd-udevd: uninitialized urandom read (16 bytes read)
[   16.090209] random: systemd-udevd: uninitialized urandom read (16 bytes read)
[   16.092964] sd 2:0:0:0: Attached scsi generic sg0 type 0
[   16.093632] sd 2:0:1:0: Attached scsi generic sg1 type 0
[   16.097963] random: systemd-udevd: uninitialized urandom read (16 bytes read)
[   16.101304] sd 2:0:0:0: [sda] 20971520 512-byte logical blocks: (10.7 GB/10.0 GiB)
[   16.101934] sd 2:0:1:0: [sdb] 20480 512-byte logical blocks: (10.5 MB/10.0 MiB)
[   16.102037] sd 2:0:1:0: [sdb] Write Protect is off
[   16.102170] sd 2:0:1:0: [sdb] Incomplete mode parameter data
[   16.102172] sd 2:0:1:0: [sdb] Assuming drive cache: write through
[   16.251964] sd 2:0:1:0: [sdb] Attached SCSI disk
[   16.546373] sd 2:0:0:0: [sda] Write Protect is off
[   16.585128] sd 2:0:0:0: [sda] Incomplete mode parameter data
[   16.654948] sd 2:0:0:0: [sda] Assuming drive cache: write through
[   16.736350]  sda: sda1
[   16.748206] sd 2:0:0:0: [sda] Attached SCSI disk
Begin: Loading essential drivers ... [   18.724713] raid6: sse2x1   gen()  5106 MB/s
[   18.784047] raid6: sse2x1   xor()  3703 MB/s
[   18.836043] raid6: sse2x2   gen()  6166 MB/s
[   18.896936] raid6: sse2x2   xor()  4154 MB/s
[   18.944046] raid6: sse2x4   gen()  7365 MB/s
[   19.000056] raid6: sse2x4   xor()  5031 MB/s
[   19.001891] raid6: using algorithm sse2x4 gen() 7365 MB/s
[   19.004281] raid6: .... xor() 5031 MB/s, rmw enabled
[   19.006328] raid6: using ssse3x2 recovery algorithm
[   19.010839] xor: measuring software checksum speed
[   19.252248]    prefetch64-sse:  9107.000 MB/sec
[   19.316451]    generic_sse:  6349.000 MB/sec
[   19.318795] xor: using function: prefetch64-sse (9107.000 MB/sec)
[   19.325898] async_tx: api initialized (async)
done.
Begin: Running /scripts/init-premount ... done.
Begin: Mounting root file system ... Begin: Running /scripts/local-top ... done.
Begin: Running /scripts/local-premount ... [   19.471064] Btrfs loaded, crc32c=crc32c-intel
Scanning for Btrfs filesystems
done.
Warning: fsck not present, so skipping root file system
[   19.599618] EXT4-fs (sda1): mounted filesystem with ordered data mode. Opts: (null)
done.
Begin: Running /scripts/local-bottom ... done.
Begin: Running /scripts/init-bottom ... done.
[   20.774578] ip_tables: (C) 2000-2006 Netfilter Core Team
[   21.088494] systemd[1]: systemd 237 running in system mode. (+PAM +AUDIT +SELINUX +IMA +APPARMOR +SMACK +SYSVINIT +UTMP +LIBCRYPTSETUP +GCRYPT +GNUTLS +ACL +XZ +LZ4 +SECCOMP +BLKID +ELFUTILS +KMOD -IDN2 +IDN -PCRE2 default-hierarchy=hybrid)
[   21.519896] systemd[1]: Detected virtualization oracle.
[   21.527123] systemd[1]: Detected architecture x86-64.

Welcome to [1mUbuntu 18.04.1 LTS[0m!

[   21.604942] systemd[1]: Set hostname to <ubuntu>.
[   21.641919] systemd[1]: Initializing machine ID from random generator.
[   21.690022] systemd[1]: Installed transient /etc/machine-id file.
[   21.955386] random: crng init done
[   21.959910] random: 7 urandom warning(s) missed due to ratelimiting
[   23.090835] systemd[1]: Created slice User and Session Slice.
[[0;32m  OK  [0m] Created slice User and Session Slice.
[   23.436978] systemd[1]: Reached target Swap.
[[0;32m  OK  [0m] Reached target Swap.
[   23.452752] systemd[1]: Started Forward Password Requests to Wall Directory Watch.
[[0;32m  OK  [0m] Started Forward Password Requests to Wall Directory Watch.
[   23.459872] systemd[1]: Reached target System Time Synchronized.
[[0;32m  OK  [0m] Reached target System Time Synchronized.
[[0;32m  OK  [0m] Reached target User and Group Name Lookups.
[[0;32m  OK  [0m] Created slice System Slice.
[[0;32m  OK  [0m] Created slice system-serial\x2dgetty.slice.
[[0;32m  OK  [0m] Listening on Network Service Netlink Socket.
[[0;32m  OK  [0m] Listening on /dev/initctl Compatibility Named Pipe.
[[0;32m  OK  [0m] Listening on udev Kernel Socket.
[[0;32m  OK  [0m] Listening on Device-mapper event daemon FIFOs.
[[0;32m  OK  [0m] Listening on LVM2 poll daemon socket.
[[0;32m  OK  [0m] Listening on udev Control Socket.
[[0;32m  OK  [0m] Listening on LVM2 metadata daemon socket.
[[0;32m  OK  [0m] Listening on Journal Socket.
         Starting Load Kernel Modules...
         Starting Uncomplicated firewall...
         Mounting Kernel Debug File System...
         Mounting Huge Pages File System...
[[0;32m  OK  [0m] Listening on Journal Socket (/dev/log).
         [   23.912984] Loading iSCSI transport class v2.0-870.
Mounting POSIX Message Queue File System...
         Starting Remount Root and Kernel File Systems...
         Starting Monitoring of LVM2 mirrors…ng dmeventd or progress polling...
[[0;32m  OK  [0m] Reached target Slices.
         Starting udev Coldplug all Devices...
         Starting Create list of required st…ce nodes for the current kernel...
[[0;32m  OK  [0m] Set up automount Arbitrary Executab…rmats File System Automount Point.
[   24.074070] iscsi: registered transport (tcp)
[   24.100206] EXT4-fs (sda1): re-mounted. Opts: (null)
         Starting Set the console keyboard layout...
[[0;32m  OK  [0m] Listening on Journal Audit Socket.
[[0;32m  OK  [0m] Listening on Syslog Socket.
         Starting Journal Service...
[[0;32m  OK  [0m] Started Uncomplicated firewall.
[[0;32m  OK  [0m] Mounted Kernel Debug File System.
[[0;32m  OK  [0m] Mounted Huge Pages File System.
[[0;32m  OK  [0m] Mounted POSIX Message Queue File System.
[[0;32m  OK  [0m] Started Remount Root and Kernel File Systems.
[[0;32m  OK  [0m] Started Create list of required sta…vice nodes for the current kernel.
         Starting Create Static Device Nodes in /dev...
         Starting Initial cloud-init job (pre-networking)...
         Starting Load/Save Random Seed...
[[0;32m  OK  [0m] Started Journal Service.
[[0;32m  OK  [0m] Started udev Coldplug all Devices.
[[0;32m  OK  [0m] Started LVM2 metadata daemon.
         Starting Flush Journal to Persistent Storage...
[   24.792409] systemd-journald[391]: Received request to flush runtime journal from PID 1
[[0;32m  OK  [0m] Started Load/[   24.931342] iscsi: registered transport (iser)
Save Random Seed.
[[0;32m  OK  [0m] Started Load Kernel Modules.
[[0;32m  OK  [0m] Started Set the console keyboard layout.
[[0;32m  OK  [0m] Started Create Static Device Nodes in /dev.
[[0;32m  OK  [0m] Started Monitoring of LVM2 mirrors,…sing dmeventd or progress polling.
         Starting udev Kernel Device Manager...
[[0;32m  OK  [0m] Reached target Local File Systems (Pre).
[[0;32m  OK  [0m] Reached target Local File Systems.
         Starting Commit a transient machine-id on disk...
         Starting Tell Plymouth To Write Out Runtime Data...
         Starting AppArmor initialization...
         Starting Set console font and keymap...
         Starting ebtables ruleset management...
         Mounting Kernel Configuration File System...
         Mounting FUSE Control File System...
         Starting Apply Kernel Variables...
[[0;32m  OK  [0m] Started Flush Journal to Persistent Storage.
[[0;32m  OK  [0m] Mounted Kernel Configuration File System.
[[0;32m  OK  [0m] Mounted FUSE Control File System.
         Starting Create Volatile Files and Directories...
[[0;32m  OK  [0m] Started Tell Plymouth To Write Out Runtime Data.
[[0;32m  OK  [0m] Started Set console font and keymap.
[[0;32m  OK  [0m] Started Create Volatile Files and Directories.
         Starting Update UTMP about System Boot/Shutdown...
[[0;32m  OK  [0m] Started Update UTMP about System Boot/Shutdown.
[[0;32m  OK  [0m] Started Commit a transient machine-id on disk.
[[0;32m  OK  [0m] Started udev Kernel Device Manager.
[[0;32m  OK  [0m] Started Apply Kernel Variables.
[[0;32m  OK  [0m] Started Dispatch Password Requests to Console Directory Watch.
[[0;32m  OK  [0m] Reached target Local Encrypted Volumes.
[[0;32m  OK  [0m] Started ebtables ruleset management.
[[0;32m  OK  [0m] Found device /dev/ttyS0.
[[0;32m  OK  [0m] Listening on Load/Save RF Kill Switch Status /dev/rfkill Watch.
[[0;32m  OK  [0m] Started AppArmor initialization.
[   32.943463] cloud-init[395]: Cloud-init v. 18.3-9-g2e62cb8a-0ubuntu1~18.04.2 running 'init-local' at Fri, 07 Sep 2018 16:08:20 +0000. Up 31.96 seconds.
[[0;32m  OK  [0m] Started Initial cloud-init job (pre-networking).
[[0;32m  OK  [0m] Reached target Network (Pre).
         Starting Network Service...
[[0;32m  OK  [0m] Started Network Service.
         Starting Wait for Network to be Configured...
         Starting Network Name Resolution...
[[0;32m  OK  [0m] Started Network Name Resolution.
[[0;32m  OK  [0m] Reached target Host and Network Name Lookups.
[[0;32m  OK  [0m] Reached target Network.
[[0;32m  OK  [0m] Started Wait for Network to be Configured.
         Starting Initial cloud-init job (metadata service crawler)...
[   38.858642] cloud-init[631]: Cloud-init v. 18.3-9-g2e62cb8a-0ubuntu1~18.04.2 running 'init' at Fri, 07 Sep 2018 16:08:24 +0000. Up 35.83 seconds.
[   38.945360] cloud-init[631]: ci-info: ++++++++++++++++++++++++++++++++++++++Net device info+++++++++++++++++++++++++++++++++++++++
[[   39.008589] cloud-init[631]: ci-info: +--------+-------+----------------------------+---------------+--------+-------------------+
[   39.009070] cloud-init[631]: ci-info: | Device |   Up  |          Address           |      Mask     | Scope  |     Hw-Address    |
[   39.009188] cloud-init[631]: ci-info: +--------+-------+----------------------------+---------------+--------+-------------------+
[   39.009294] cloud-init[631]: ci-info: | enp0s3 |  True |         10.0.2.15          | 255.255.255.0 | global | 02:31:bc:f6:46:dd |
[   39.009401] cloud-init[631]: ci-info: | enp0s3 |  True | fe80::31:bcff:fef6:46dd/64 |       .       |  link  | 02:31:bc:f6:46:dd |
[   39.009492] cloud-init[631]: ci-info: | enp0s8 | False |             .              |       .       |   .    | 08:00:27:1f:88:3e |
[   39.009580] cloud-init[631]: ci-info: |   lo   |  True |         127.0.0.1          |   255.0.0.0   |  host  |         .         |
[   39.009676] cloud-init[631]: ci-info: |   lo   |  True |          ::1/128           |       .       |  host  |         .         |
[   39.009782] cloud-init[631]: ci-info: +--------+-------+----------------------------+---------------+--------+-------------------+
[   39.009870] cloud-init[631]: ci-info: ++++++++++++++++++++++++++++Route IPv4 info+++++++++++++++++++++++++++++
[   39.009958] cloud-init[631]: ci-info: +-------+-------------+----------+-----------------+-----------+-------+
[   39.010047] cloud-init[631]: ci-info: | Route | Destination | Gateway  |     Genmask     | Interface | Flags |
[   39.010144] cloud-init[631]: ci-info: +-------+-------------+----------+-----------------+-----------+-------+
[   39.010244] cloud-init[631]: ci-info: |   0   |   0.0.0.0   | 10.0.2.2 |     0.0.0.0     |   enp0s3  |   UG  |
[   39.010334] cloud-init[631]: ci-info: |   1   |   10.0.2.0  | 0.0.0.0  |  255.255.255.0  |   enp0s3  |   U   |
[   39.010423] cloud-init[631]: ci-info: |   2   |   10.0.2.2  | 0.0.0.0  | 255.255.255.255 |   enp0s3  |   UH  |
[   39.010524] cloud-init[631]: ci-info: +-------+-------------+----------+-----------------+-----------+-------+
[   39.010612] cloud-init[631]: ci-info: +++++++++++++++++++Route IPv6 info+++++++++++++++++++
[   39.010708] cloud-init[631]: ci-info: +-------+-------------+---------+-----------+-------+
[   39.010808] cloud-init[631]: ci-info: | Route | Destination | Gateway | Interface | Flags |
[   39.010905] cloud-init[631]: ci-info: +-------+-------------+---------+-----------+-------+
[   39.011045] cloud-init[631]: ci-info: |   1   |  fe80::/64  |    ::   |   enp0s3  |   U   |
[   39.011139] cloud-init[631]: ci-info: |   3   |    local    |    ::   |   enp0s3  |   U   |
[   39.011235] cloud-init[631]: ci-info: |   4   |   ff00::/8  |    ::   |   enp0s3  |   U   |
[   39.011330] cloud-init[631]: ci-info: +-------+-------------+---------+-----------+-------+
[   39.011417] cloud-init[631]: Generating public/private rsa key pair.
[   39.011512] cloud-init[631]: Your identification has been saved in /etc/ssh/ssh_host_rsa_key.
[   39.011608] cloud-init[631]: Your public key has been saved in /etc/ssh/ssh_host_rsa_key.pub.
[   39.011736] cloud-init[631]: The key fingerprint is:
[   39.011840] cloud-init[631]: SHA256:cYbgPgrSgwyZhDS1cKu4+JwjfcEo1EqrZUOCqjXL8M4 root@ubuntu-bionic
[   39.011938] cloud-init[631]: The key's randomart image is:
[   39.012114] cloud-init[631]: +---[RSA 2048]----+
[   39.012263] cloud-init[631]: |o=.o  .          |
[   39.012369] cloud-init[631]: |oo+ o. . .       |
[   39.012466] cloud-init[631]: |= .o  . o o      |
[   39.012566] cloud-init[631]: |*=o. .   +       |
[   39.012660] cloud-init[631]: |B=*o  o S        |
[   39.012761] cloud-init[631]: |==Boo. .         |
[   39.012862] cloud-init[631]: |=X +..           |
[   39.012960] cloud-init[631]: |++*..            |
[   39.013056] cloud-init[631]: | oEo             |
[   39.013145] cloud-init[631]: +----[SHA256]-----+
[   39.013234] cloud-init[631]: Generating public/private dsa key pair.
[   39.013330] cloud-init[631]: Your identification has been saved in /etc/ssh/ssh_host_dsa_key.[0;32m  OK  [0m] Started Initial cloud-init job (metadata service crawler).
[[0;32m  OK  [0m] Reached target System Initialization.

         [   39.956535] Starting Socket activation for snappy daemon.cloud-init
[631]: Your public key has been saved in /etc/ssh/ssh_host_dsa_key.pub.
[[   40.084444] cloud-init[631]: The key fingerprint is:
[   40.084786] [0;32m  OK  [0mcloud-init] [631]: Started ACPI Events Check.SHA256:HAgMPJjpN1MJyT8UON3pZO4/Xu8t89ly/YW0d4SgoV0 root@ubuntu-bionic

[   40.084932] cloud-init[631]: The key's randomart image is:
[[0;32m  OK  [0m] Reached target Paths.
[   40.137395] cloud-init[631]: +---[DSA 1024]----+
[[   40.268569] cloud-init[631]: | =o+*.+ .        |
[   40.268884] cloud-init[0;32m  OK  [0m[631]: ] |+ o=.* *         |Started Discard unused blocks once a week.

[   40.269018] cloud-init[631]: |.  .= * . . E    |
[   40.323521] cloud-init[631]: | . + o + + + . . |
[   40.368639] cloud-init[631]: |  . o o S o   o .|
[[   40.432544] cloud-init[631]: |       .     . + |
[   40.432826] [0;32m  OK  [0mcloud-init] [631]: Started Message of the Day.|        .  .  o =|

[[   40.524389] cloud-init[631]: |         o. .oo.B|
[   40.524601] cloud-init[0;32m  OK  [0m[631]: ] |        ... .o+*+|Started Daily apt download activities.

[   40.524766] cloud-init[631]: +----[SHA256]-----+
[[   40.599996] cloud-init[631]: Generating public/private ecdsa key pair.
[   40.600379] cloud-init[631]: Your identification has been saved in /etc/ssh/ssh_host_ecdsa_key.
[0;32m  OK  [0m[   40.603796] cloud-init[631]: Your public key has been saved in /etc/ssh/ssh_host_ecdsa_key.pub.
[   40.608633] cloud-init[631]: The key fingerprint is:
[   40.609928] cloud-init[631]: SHA256:O0f8SX7X0QodpAvn7aw8dcsCY0eBsmPK0ULSaD3YFNs root@ubuntu-bionic
[   40.613092] cloud-init[631]: The key's randomart image is:
[   40.614380] cloud-init[631]: +---[ECDSA 256]---+
] Started Daily apt upgrade and clean activities.
[   40.615027] cloud-init[631]: |      Bo.   . .  |
[   40.648761] cloud-init[631]: |     = *o. . +   |
[   40.652471] cloud-init[631]: |    . o.oE+ o o  |
[   40.662232] cloud-init[631]: |       o * + = ..|
         Starting LXD - unix socket.
[[0;32m  OK  [0m] Started Daily Cleanup of Temporary Directories.
[   40.706751] cloud-init[631]: |      . S + * o..|
[   40.745941] cloud-init[631]: |       o o B *..+|
[   40.771032] cloud-init[631]: [[0;32m  OK  [0m] Reached target Timers.
[[0;32m  OK  [0m] Listening on ACPID Listen Socket.
[[0;32m  OK  [0m] Listening on UUID daemon activation socket.
[[0;32m  OK  [0m] Listening on D-Bus System Message Bus Socket.
[[0;32m  OK  [0m] Reached target Cloud-config availability.
[[0;32m  OK  [0m] Reached target Network is Online.
|        o o B.*.+|
         Starting iSCSI initiator daemon (iscsid)...
[[0;32m  OK  [0m] Listening on Socket activation for snappy daemon.
[   40.913834] cloud-init[631]: |         o ..+ + |
[   40.964497] cloud-init[631]: |            o..  |
[   40.966859] cloud-init[631]: +----[SHA256]-----+[[0;32m  OK  [0m] Listening on LXD - unix socket.
[[0;32m  OK  [0m] Reached target Sockets.
[[0;32m  OK  [0m] Reached target Basic System.

         [   41.043543] Starting Accounts Service...cloud-init
[631]: Generating public/private ed25519 key pair.
[   41.111547] cloud-init[631]: Your identification has been saved in /etc/ssh/ssh_host_ed25519_key.
[[0;32m  OK  [0m] Started FUSE filesystem for LXC.
[   41.174463] cloud-init[631]: Your public key has been saved in /etc/ssh/ssh_host_ed25519_key.pub.
[   41.210648] cloud-init[631]: The key fingerprint is:
[   41.215106] cloud-init[631]: SHA256:4SnOwB8i5KdAanZrNUmo7LFVEgLqqZ1VAo5/0GsqrwE root@ubuntu-bionic
[   41.221523] cloud-init[631]: The key's randomart image is:
[   41.226431] cloud-init[631]: +--[ED25519 256]--+
[   41.230136] cloud-init[631]: |o...             |
[   41.233344] cloud-init[631]: |.o.oo            |
         [   41.320406] cloud-init[631]: |o.+ooo. .        |
Starting Dispatcher daemon for systemd-networkd...
[   41.321140] cloud-init[631]: |=+oo++.. o       |
[   41.331234] cloud-init[631]: |EO+oX+o S        |
[   41.336292] cloud-init[631]: |*o=Xo*.o         |
[   41.340840] cloud-init[631]: |+o=o  +          |
[   41.352163] cloud-init[631]: | +.              |
[   41.376931] cloud-init[631]: |...              |
[[   41.441754] cloud-init[631]: +----[SHA256]-----+
[0;32m  OK  [0m] Started Regular background program processing daemon.
[[0;32m  OK  [0m] Started irqbalance daemon.
[[0;32m  OK  [0m] Started Unattended Upgrades Shutdown.
         Starting Virtualbox guest utils...
         Starting Login Service...
         Starting LXD - container startup/shutdown...
[[0;32m  OK  [0m] Started D-Bus System Message Bus.
         Starting LSB: Record successful boot for GRUB...
         Starting Snappy daemon...
[[0;32m  OK  [0m] Started Deferred execution scheduler.
         Starting System Logging Service...
         Starting Pollinate to seed the pseudo random number generator...
[[0;32m  OK  [0m] Started Dispatcher daemon for systemd-networkd.
[[0;32m  OK  [0m] Started iSCSI initiator daemon (iscsid).
[[0;32m  OK  [0m] Started Login Service.
         Starting Authorization Manager...
         Starting Availability of block devices...
[[0;32m  OK  [0m] Reached target Remote File Systems (Pre).
[[0;32m  OK  [0m] Reached target Remote File Systems.
         Starting Permit User Sessions...
         Starting LSB: automatic crash report generation...
[[0;32m  OK  [0m] Started System Logging Service.
[[0;32m  OK  [0m] Started Availability of block devices.
[[0;32m  OK  [0m] Started Permit User Sessions.
         Starting Hold until boot process finishes up...
         Starting Terminate Plymouth Boot Screen...
[[0;32m  OK  [0m] Started Hold until boot process finishes up.
[[0;32m  OK  [0m] Started Terminate Plymouth Boot Screen.
[[0;32m  OK  [0m] Started Serial Getty on ttyS0.
         Starting Set console scheme...
[[0;32m  OK  [0m] Started Set console scheme.
[[0;32m  OK  [0m] Started LSB: Record successful boot for GRUB.
[[0;32m  OK  [0m] Created slice system-getty.slice.
[[0;32m  OK  [0m] Started Getty on tty1.
[[0;32m  OK  [0m] Reached target Login Prompts.
[[0;32m  OK  [0m] Started LSB: automatic crash report generation.
[[0;32m  OK  [0m] Started Authorization Manager.
[[0;32m  OK  [0m] Started Accounts Service.
[[0;32m  OK  [0m] Started Virtualbox guest utils.
[[0;32m  OK  [0m] Started LXD - container startup/shutdown.
[[0;32m  OK  [0m] Started Snappy daemon.
         Starting Wait until snapd is fully seeded...

Ubuntu 18.04.1 LTS ubuntu-bionic ttyS0

ubuntu-bionic login: [   53.326800] cloud-init[1187]: Cloud-init v. 18.3-9-g2e62cb8a-0ubuntu1~18.04.2 running 'modules:config' at Fri, 07 Sep 2018 16:08:39 +0000. Up 50.88 seconds.
ci-info: no authorized ssh keys fingerprints found for user ubuntu.
<14>Sep  7 16:08:43 ec2: 
<14>Sep  7 16:08:43 ec2: #############################################################
<14>Sep  7 16:08:43 ec2: -----BEGIN SSH HOST KEY FINGERPRINTS-----
<14>Sep  7 16:08:43 ec2: 1024 SHA256:HAgMPJjpN1MJyT8UON3pZO4/Xu8t89ly/YW0d4SgoV0 root@ubuntu-bionic (DSA)
<14>Sep  7 16:08:43 ec2: 256 SHA256:O0f8SX7X0QodpAvn7aw8dcsCY0eBsmPK0ULSaD3YFNs root@ubuntu-bionic (ECDSA)
<14>Sep  7 16:08:43 ec2: 256 SHA256:4SnOwB8i5KdAanZrNUmo7LFVEgLqqZ1VAo5/0GsqrwE root@ubuntu-bionic (ED25519)
<14>Sep  7 16:08:43 ec2: 2048 SHA256:cYbgPgrSgwyZhDS1cKu4+JwjfcEo1EqrZUOCqjXL8M4 root@ubuntu-bionic (RSA)
<14>Sep  7 16:08:43 ec2: -----END SSH HOST KEY FINGERPRINTS-----
<14>Sep  7 16:08:43 ec2: #############################################################
-----BEGIN SSH HOST KEY KEYS-----
ecdsa-sha2-nistp256 AAAAE2VjZHNhLXNoYTItbmlzdHAyNTYAAAAIbmlzdHAyNTYAAABBBDwf533Q+N9ShsZx7O9W5YNIydV3fFICnsFdmLXndNcpRs2/xwi4osHqGatwkg8hN9ce+IY2YTuBB34ag83aiLc= root@ubuntu-bionic
ssh-ed25519 AAAAC3NzaC1lZDI1NTE5AAAAILBKKtLRE9GoZpYsk6Y83sXuf+WDsT/EDytAgYTpVvUj root@ubuntu-bionic
ssh-rsa AAAAB3NzaC1yc2EAAAADAQABAAABAQCwKpNMuDYu1EoC9ERoUdqSYdjZ8uyQgFmltckvUjlToVw0BWszTKm/P2qU74cBGvEWxUA+57PWWBglrDvIoT4ZPgH/OkE+DAPe+ZCkIxY2uDDH/wLNrmgPDJc20Ldu2COGlxYZIQC3GtXmz/IOYJ9nPxUndTo251k29uiWUIuj8zfUTmX5FGgznKzfWMcYBk58WyLrwJtt8RX3tMV9p12FGD39ecbGIU+KEz/VqPj7sTjUb47EuBGePEb7ggGUjj6WirTAemneQXuGexi8z5INncf8/eXAMy7QaCJT3XxfKd/X6mOgCvgNrIP4jX5btb/dOr4HSr9mZXqpdfiqOO0D root@ubuntu-bionic
-----END SSH HOST KEY KEYS-----
[   55.047901] cloud-init[1277]: Cloud-init v. 18.3-9-g2e62cb8a-0ubuntu1~18.04.2 running 'modules:final' at Fri, 07 Sep 2018 16:08:42 +0000. Up 54.44 seconds.
[   55.048381] cloud-init[1277]: ci-info: no authorized ssh keys fingerprints found for user ubuntu.
[   55.049100] cloud-init[1277]: Cloud-init v. 18.3-9-g2e62cb8a-0ubuntu1~18.04.2 finished at Fri, 07 Sep 2018 16:08:43 +0000. Datasource DataSourceNoCloud [seed=/dev/sdb][dsmode=net].  Up 55.01 seconds
